[debug] [2021-06-25T03:53:10.530Z] ----------------------------------------------------------------------
[debug] [2021-06-25T03:53:10.531Z] Command:       /usr/bin/node /usr/local/bin/firebase init
[debug] [2021-06-25T03:53:10.532Z] CLI Version:   9.14.0
[debug] [2021-06-25T03:53:10.532Z] Platform:      linux
[debug] [2021-06-25T03:53:10.532Z] Node Version:  v10.19.0
[debug] [2021-06-25T03:53:10.532Z] Time:          Fri Jun 25 2021 00:53:10 GMT-0300 (Horário Padrão de Brasília)
[debug] [2021-06-25T03:53:10.532Z] ----------------------------------------------------------------------
[debug] 
[debug] [2021-06-25T03:53:10.536Z] > command requires scopes: ["email","openid","https://www.googleapis.com/auth/cloudplatformprojects.readonly","https://www.googleapis.com/auth/firebase","https://www.googleapis.com/auth/cloud-platform"]
[debug] [2021-06-25T03:53:10.536Z] > authorizing via signed-in user (viniciusrebelo487@gmail.com)
[info] 
     ######## #### ########  ######## ########     ###     ######  ########
     ##        ##  ##     ## ##       ##     ##  ##   ##  ##       ##
     ######    ##  ########  ######   ########  #########  ######  ######
     ##        ##  ##    ##  ##       ##     ## ##     ##       ## ##
     ##       #### ##     ## ######## ########  ##     ##  ######  ########

You're about to initialize a Firebase project in this directory:

  /home/vinimoura/Workspace/Reposit Git/NextLevelWeek/letmeask

Before we get started, keep in mind:

  * You are currently outside your home directory

[info] 
=== Project Setup
[info] 
[info] First, let's associate this project directory with a Firebase project.
[info] You can create multiple project aliases by running firebase use --add, 
[info] but for now we'll just set up a default project.
[info] 
[debug] [2021-06-25T03:53:16.061Z] >>> [apiv2][query] GET https://firebase.googleapis.com/v1beta1/projects pageSize=100
[debug] [2021-06-25T03:53:16.555Z] <<< [apiv2][status] GET https://firebase.googleapis.com/v1beta1/projects 200
[debug] [2021-06-25T03:53:16.556Z] <<< [apiv2][body] GET https://firebase.googleapis.com/v1beta1/projects [omitted]
[info] i  Using project letmeask-vinicius-moura-code (letmeask-Vinicius-moura-code) 
[info] 
=== Database Setup
[info] i  database: ensuring required API firebasedatabase.googleapis.com is enabled... 
[debug] [2021-06-25T03:53:17.345Z] > refreshing access token with scopes: ["email","https://www.googleapis.com/auth/cloud-platform","https://www.googleapis.com/auth/cloudplatformprojects.readonly","https://www.googleapis.com/auth/firebase","openid"]
[debug] [2021-06-25T03:53:17.347Z] >>> HTTP REQUEST POST https://www.googleapis.com/oauth2/v3/token  
 <request body omitted>
[debug] [2021-06-25T03:53:22.607Z] <<< HTTP RESPONSE 200 {"date":"Fri, 25 Jun 2021 03:53:22 GMT","cache-control":"no-cache, no-store, max-age=0, must-revalidate","pragma":"no-cache","expires":"Mon, 01 Jan 1990 00:00:00 GMT","content-type":"application/json; charset=utf-8","vary":"X-Origin, Referer, Origin,Accept-Encoding","server":"scaffolding on HTTPServer2","x-xss-protection":"0","x-frame-options":"SAMEORIGIN","x-content-type-options":"nosniff","alt-svc":"h3=\":443\"; ma=2592000,h3-29=\":443\"; ma=2592000,h3-T051=\":443\"; ma=2592000,h3-Q050=\":443\"; ma=2592000,h3-Q046=\":443\"; ma=2592000,h3-Q043=\":443\"; ma=2592000,quic=\":443\"; ma=2592000; v=\"46,43\"","accept-ranges":"none","transfer-encoding":"chunked"}
[debug] [2021-06-25T03:53:22.675Z] >>> HTTP REQUEST GET https://serviceusage.googleapis.com/v1/projects/letmeask-vinicius-moura-code/services/firebasedatabase.googleapis.com  
 
[debug] [2021-06-25T03:53:23.762Z] <<< HTTP RESPONSE 200 {"content-type":"application/json; charset=UTF-8","vary":"X-Origin, Referer, Origin,Accept-Encoding","date":"Fri, 25 Jun 2021 03:53:23 GMT","server":"ESF","cache-control":"private","x-xss-protection":"0","x-frame-options":"SAMEORIGIN","x-content-type-options":"nosniff","alt-svc":"h3=\":443\"; ma=2592000,h3-29=\":443\"; ma=2592000,h3-T051=\":443\"; ma=2592000,h3-Q050=\":443\"; ma=2592000,h3-Q046=\":443\"; ma=2592000,h3-Q043=\":443\"; ma=2592000,quic=\":443\"; ma=2592000; v=\"46,43\"","accept-ranges":"none","transfer-encoding":"chunked"}
[info] ✔  database: required API firebasedatabase.googleapis.com is enabled 
[info] 
[debug] [2021-06-25T03:53:23.765Z] >>> HTTP REQUEST GET https://firebasedatabase.googleapis.com/v1beta/projects/letmeask-vinicius-moura-code/locations/-/instances/letmeask-vinicius-moura-code-default-rtdb  
 
[debug] [2021-06-25T03:53:25.136Z] <<< HTTP RESPONSE 200 {"content-type":"application/json; charset=UTF-8","vary":"X-Origin, Referer, Origin,Accept-Encoding","date":"Fri, 25 Jun 2021 03:53:25 GMT","server":"ESF","cache-control":"private","x-xss-protection":"0","x-frame-options":"SAMEORIGIN","x-content-type-options":"nosniff","alt-svc":"h3=\":443\"; ma=2592000,h3-29=\":443\"; ma=2592000,h3-T051=\":443\"; ma=2592000,h3-Q050=\":443\"; ma=2592000,h3-Q046=\":443\"; ma=2592000,h3-Q043=\":443\"; ma=2592000,quic=\":443\"; ma=2592000; v=\"46,43\"","accept-ranges":"none","transfer-encoding":"chunked"}
[info] 
[info] Firebase Realtime Database Security Rules allow you to define how your data should be
[info] structured and when your data can be read from and written to.
[info] 
[debug] [2021-06-25T03:53:39.747Z] >>> HTTP REQUEST GET https://letmeask-vinicius-moura-code-default-rtdb.firebaseio.com/.settings/rules.json  
 
[debug] [2021-06-25T03:53:50.303Z] <<< HTTP RESPONSE 200 {"server":"nginx","date":"Fri, 25 Jun 2021 03:53:50 GMT","content-type":"application/json; charset=utf-8","content-length":"571","connection":"keep-alive","access-control-allow-origin":"*","cache-control":"no-cache","strict-transport-security":"max-age=31556926; includeSubDomains; preload"}
[info] ✔  Database Rules for letmeask-vinicius-moura-code-default-rtdb have been written to database.rules.json. 
[info] Future modifications to database.rules.json will update Realtime Database Security Rules when you run
[info] firebase deploy.
[info] 
=== Hosting Setup
[info] 
[info] Your public directory is the folder (relative to your project directory) that
[info] will contain Hosting assets to be uploaded with firebase deploy. If you
[info] have a build process for your assets, use your build's output directory.
[info] 
[debug] [2021-06-25T03:55:02.329Z] >>> [apiv2][query] GET https://www.gstatic.com/firebasejs/releases.json [none]
[debug] [2021-06-25T03:55:02.523Z] <<< [apiv2][status] GET https://www.gstatic.com/firebasejs/releases.json 200
[debug] [2021-06-25T03:55:02.524Z] <<< [apiv2][body] GET https://www.gstatic.com/firebasejs/releases.json {"current":{"version":"8.6.8","browserURL":"https://www.gstatic.com/firebasejs/8.6.8/firebase.js","packageURL":"https://www.gstatic.com/firebasejs/8.6.8/firebase.tgz"},"live":{"version":"8.6","browserURL":"https://www.gstatic.com/firebasejs/live/8.6/firebase.js","packageURL":"https://www.gstatic.com/firebasejs/live/8.6/firebase.tgz"},"components":{"analytics":"https://www.gstatic.com/firebasejs/8.6.8/firebase-analytics.js","app":"https://www.gstatic.com/firebasejs/8.6.8/firebase-app.js","app-check":"https://www.gstatic.com/firebasejs/8.6.8/firebase-app-check.js","auth":"https://www.gstatic.com/firebasejs/8.6.8/firebase-auth.js","database":"https://www.gstatic.com/firebasejs/8.6.8/firebase-database.js","firestore":"https://www.gstatic.com/firebasejs/8.6.8/firebase-firestore.js","functions":"https://www.gstatic.com/firebasejs/8.6.8/firebase-functions.js","installations":"https://www.gstatic.com/firebasejs/8.6.8/firebase-installations.js","messaging":"https://www.gstatic.com/firebasejs/8.6.8/firebase-messaging.js","storage":"https://www.gstatic.com/firebasejs/8.6.8/firebase-storage.js","performance":"https://www.gstatic.com/firebasejs/8.6.8/firebase-performance.js","remote-config":"https://www.gstatic.com/firebasejs/8.6.8/firebase-remote-config.js","firestore.memory":"https://www.gstatic.com/firebasejs/8.6.8/firebase-firestore.memory.js"}}
[info] ✔  Wrote build/index.html 
[info] 
[info] i  Detected a .git folder at /home/vinimoura/Workspace/Reposit Git/NextLevelWeek 
[info] i  Authorizing with GitHub to upload your service account to a GitHub repository's secrets store. 
[info] 
[info] Visit this URL on this device to log in:
[info] https://github.com/login/oauth/authorize?client_id=89cf50f02ac6aaed3484&state=401996091&redirect_uri=http%3A%2F%2Flocalhost%3A9005&scope=read%3Auser%20repo%20public_repo
[info] 
[info] Waiting for authentication...
[debug] [2021-06-25T03:55:26.355Z] >>> HTTP REQUEST POST https://github.com/login/oauth/access_token  
 {"client_id":"89cf50f02ac6aaed3484","client_secret":"3330d14abc895d9a74d5f17cd7a00711fa2c5bf0","code":"69863b71aadbb0fab9ce","redirect_uri":"http://localhost:9005","state":"401996091"}
[debug] [2021-06-25T03:55:28.131Z] <<< HTTP RESPONSE 200 {"server":"GitHub.com","date":"Fri, 25 Jun 2021 03:55:28 GMT","content-type":"application/json; charset=utf-8","transfer-encoding":"chunked","vary":"X-PJAX, Accept-Encoding, Accept, X-Requested-With","permissions-policy":"interest-cohort=()","etag":"W/\"1b53714f5c7db5d1153f408daec2bb8b\"","cache-control":"max-age=0, private, must-revalidate","strict-transport-security":"max-age=31536000; includeSubdomains; preload","x-frame-options":"deny","x-content-type-options":"nosniff","x-xss-protection":"0","referrer-policy":"origin-when-cross-origin, strict-origin-when-cross-origin","expect-ct":"max-age=2592000, report-uri=\"https://api.github.com/_private/browser/errors\"","content-security-policy":"default-src 'none'; base-uri 'self'; block-all-mixed-content; connect-src 'self' uploads.github.com www.githubstatus.com collector.githubapp.com api.github.com github-cloud.s3.amazonaws.com github-production-repository-file-5c1aeb.s3.amazonaws.com github-production-upload-manifest-file-7fdce7.s3.amazonaws.com github-production-user-asset-6210df.s3.amazonaws.com cdn.optimizely.com logx.optimizely.com/v1/events translator.github.com wss://alive.github.com; font-src github.githubassets.com; form-action 'self' github.com gist.github.com; frame-ancestors 'none'; frame-src render.githubusercontent.com render-temp.githubusercontent.com viewscreen.githubusercontent.com; img-src 'self' data: github.githubassets.com identicons.github.com collector.githubapp.com github-cloud.s3.amazonaws.com secured-user-images.githubusercontent.com/ *.githubusercontent.com; manifest-src 'self'; media-src 'none'; script-src github.githubassets.com; style-src 'unsafe-inline' github.githubassets.com; worker-src github.com/socket-worker-3f088aa2.js gist.github.com/socket-worker-3f088aa2.js","x-github-request-id":"AF1C:7504:28DF667:37900DD:60D553AE"}
[debug] [2021-06-25T03:55:28.140Z] >>> [apiv2][query] GET https://api.github.com/user [none]
[debug] [2021-06-25T03:55:28.842Z] <<< [apiv2][status] GET https://api.github.com/user 200
[debug] [2021-06-25T03:55:28.843Z] <<< [apiv2][body] GET https://api.github.com/user {"login":"Vinicius-moura-code","id":57529463,"node_id":"MDQ6VXNlcjU3NTI5NDYz","avatar_url":"https://avatars.githubusercontent.com/u/57529463?v=4","gravatar_id":"","url":"https://api.github.com/users/Vinicius-moura-code","html_url":"https://github.com/Vinicius-moura-code","followers_url":"https://api.github.com/users/Vinicius-moura-code/followers","following_url":"https://api.github.com/users/Vinicius-moura-code/following{/other_user}","gists_url":"https://api.github.com/users/Vinicius-moura-code/gists{/gist_id}","starred_url":"https://api.github.com/users/Vinicius-moura-code/starred{/owner}{/repo}","subscriptions_url":"https://api.github.com/users/Vinicius-moura-code/subscriptions","organizations_url":"https://api.github.com/users/Vinicius-moura-code/orgs","repos_url":"https://api.github.com/users/Vinicius-moura-code/repos","events_url":"https://api.github.com/users/Vinicius-moura-code/events{/privacy}","received_events_url":"https://api.github.com/users/Vinicius-moura-code/received_events","type":"User","site_admin":false,"name":"Vinicius Moura","company":"Meta","blog":"https://www.imperium-code.com.br/","location":"Rio Grande do Sul","email":null,"hireable":true,"bio":"<IT> Since 11/19 </ IT>\r\nSoftware_Developer_Trainee-Meta \r\nADS-Qi | IT_technician-IFSul","twitter_username":"v1moura","public_repos":18,"public_gists":0,"followers":8,"following":4,"created_at":"2019-11-08T12:09:04Z","updated_at":"2021-06-25T03:55:25Z","private_gists":0,"total_private_repos":2,"owned_private_repos":2,"disk_usage":228375,"collaborators":0,"two_factor_authentication":false,"plan":{"name":"pro","space":976562499,"collaborators":0,"private_repos":9999}}
[info] 
[info] ✔  Success! Logged into GitHub as Vinicius-moura-code 
[info] 
[debug] [2021-06-25T03:55:44.874Z] >>> [apiv2][query] GET https://api.github.com/repos//actions/secrets/public-key type=owner
[debug] [2021-06-25T03:55:45.501Z] <<< [apiv2][status] GET https://api.github.com/repos//actions/secrets/public-key 404
[debug] [2021-06-25T03:55:45.502Z] <<< [apiv2][body] GET https://api.github.com/repos//actions/secrets/public-key {"message":"Not Found","documentation_url":"https://docs.github.com/rest"}
